balanced-match
brace-expansion
builtin-modules
concat-map
contains-path
debug
doctrine
error-ex
eslint-import-resolver-node
eslint-module-utils
eslint-plugin-filenames
eslint-plugin-import
eslint-plugin-objects
esutils
find-up
function-bind
graceful-fs
has
hosted-git-info
isarray
is-arrayish
is-builtin-module
load-json-file
locate-path
lodash
lodash.camelcase
lodash.kebabcase
lodash.snakecase
lodash.upperfirst
minimatch
ms
normalize-package-data
parse-json
path-exists
path-parse
path-type
pify
pinkie
pinkie-promise
pkg-dir
p-limit
p-locate
p-try
read-pkg
read-pkg-up
resolve
semver
spdx-correct
spdx-exceptions
spdx-expression-parse
spdx-license-ids
strip-bom
validate-npm-package-license
