acorn
acorn-jsx
ajv
ajv-keywords
ansi-escapes
ansi-regex
ansi-styles
argparse
array-union
array-uniq
arrify
babel-code-frame
balanced-match
brace-expansion
caller-path
callsites
chalk
chardet
circular-json
cli-cursor
cli-width
co
color-convert
color-name
concat-map
concat-stream
core-util-is
cross-spawn
debug
deep-is
del
doctrine
escape-string-regexp
eslint
eslint-scope
eslint-visitor-keys
espree
esprima
esquery
esrecurse
estraverse
esutils
external-editor
fast-deep-equal
fast-json-stable-stringify
fast-levenshtein
figures
file-entry-cache
flat-cache
fs.realpath
functional-red-black-tree
glob
globals
globby
graceful-fs
has-ansi
has-flag
iconv-lite
ignore
imurmurhash
inflight
inherits
inquirer
isarray
isexe
is-fullwidth-code-point
is-path-cwd
is-path-in-cwd
is-path-inside
is-promise
is-resolvable
json-schema-traverse
json-stable-stringify-without-jsonify
js-tokens
js-yaml
levn
lodash
lru-cache
mimic-fn
minimatch
minimist
mkdirp
ms
mute-stream
natural-compare
object-assign
once
onetime
optionator
os-tmpdir
path-is-absolute
path-is-inside
pify
pinkie
pinkie-promise
pluralize
prelude-ls
process-nextick-args
progress
pseudomap
readable-stream
require-uncached
resolve-from
restore-cursor
rimraf
run-async
rx-lite
rx-lite-aggregates
safe-buffer
semver
shebang-command
shebang-regex
signal-exit
slice-ansi
sprintf-js
string_decoder
string-width
strip-ansi
strip-json-comments
supports-color
table
text-table
through
tmp
type-check
typedarray
util-deprecate
which
wordwrap
wrappy
write
yallist
